{
  "stats": {
    "suites": 1,
    "tests": 1,
    "passes": 1,
    "pending": 0,
    "failures": 0,
    "start": "2024-10-08T19:33:35.071Z",
    "end": "2024-10-08T19:33:40.085Z",
    "duration": 5014,
    "testsRegistered": 1,
    "passPercent": 100,
    "pendingPercent": 0,
    "other": 0,
    "hasOther": false,
    "skipped": 0,
    "hasSkipped": false
  },
  "results": [
    {
      "uuid": "2e816db6-5bb7-4ea0-83be-ac94080ff112",
      "title": "",
      "fullFile": "cypress\\e2e\\6-POM\\signInForm.cy.js",
      "file": "cypress\\e2e\\6-POM\\signInForm.cy.js",
      "beforeHooks": [],
      "afterHooks": [],
      "tests": [],
      "suites": [
        {
          "uuid": "95b51426-948e-456a-b2f1-6a4b35add1a8",
          "title": "Sign In Form",
          "fullFile": "",
          "file": "",
          "beforeHooks": [],
          "afterHooks": [],
          "tests": [
            {
              "title": "Verify user is able to log in",
              "fullTitle": "Sign In Form Verify user is able to log in",
              "timedOut": null,
              "duration": 4951,
              "state": "passed",
              "speed": "fast",
              "pass": true,
              "fail": false,
              "pending": false,
              "context": null,
              "code": "_SignInForm.default.logInWithCredentials('hubba.oljuna+t22@gmail.com', 'OHubba15');\ncy.get('h1').should('have.text', 'Garage');",
              "err": {},
              "uuid": "7f8e8380-d945-428b-9420-c5fcd24b5422",
              "parentUUID": "95b51426-948e-456a-b2f1-6a4b35add1a8",
              "isHook": false,
              "skipped": false
            }
          ],
          "suites": [],
          "passes": [
            "7f8e8380-d945-428b-9420-c5fcd24b5422"
          ],
          "failures": [],
          "pending": [],
          "skipped": [],
          "duration": 4951,
          "root": false,
          "rootEmpty": false,
          "_timeout": 2000
        }
      ],
      "passes": [],
      "failures": [],
      "pending": [],
      "skipped": [],
      "duration": 0,
      "root": true,
      "rootEmpty": true,
      "_timeout": 2000
    }
  ],
  "meta": {
    "mocha": {
      "version": "7.0.1"
    },
    "mochawesome": {
      "options": {
        "quiet": false,
        "reportFilename": "mochawesome",
        "saveHtml": true,
        "saveJson": true,
        "consoleReporter": "spec",
        "useInlineDiffs": false,
        "code": true
      },
      "version": "7.1.3"
    },
    "marge": {
      "options": {
        "reportDir": "cypress/results",
        "overwrite": false,
        "html": true,
        "json": true
      },
      "version": "6.2.0"
    }
  }
}