{
  "stats": {
    "suites": 3,
    "tests": 2,
    "passes": 2,
    "pending": 0,
    "failures": 0,
    "start": "2024-10-09T16:42:17.203Z",
    "end": "2024-10-09T16:42:29.422Z",
    "duration": 12219,
    "testsRegistered": 2,
    "passPercent": 100,
    "pendingPercent": 0,
    "other": 0,
    "hasOther": false,
    "skipped": 0,
    "hasSkipped": false
  },
  "results": [
    {
      "uuid": "2bfbf489-bc09-42ce-8600-c3deaa34445d",
      "title": "",
      "fullFile": "cypress\\e2e\\6-POM\\testGarage.cy.js",
      "file": "cypress\\e2e\\6-POM\\testGarage.cy.js",
      "beforeHooks": [],
      "afterHooks": [],
      "tests": [],
      "suites": [
        {
          "uuid": "c0f08e70-411a-49c7-ad74-d10066048d37",
          "title": "Add car and expense scenario",
          "fullFile": "",
          "file": "",
          "beforeHooks": [],
          "afterHooks": [],
          "tests": [],
          "suites": [
            {
              "uuid": "f6d42f6e-47db-4e3d-a70a-e6c2e2ba8c69",
              "title": "Add a car scenario",
              "fullFile": "",
              "file": "",
              "beforeHooks": [],
              "afterHooks": [],
              "tests": [
                {
                  "title": "Verify user is able to add a car",
                  "fullTitle": "Add car and expense scenario Add a car scenario Verify user is able to add a car",
                  "timedOut": null,
                  "duration": 5993,
                  "state": "passed",
                  "speed": "medium",
                  "pass": true,
                  "fail": false,
                  "pending": false,
                  "context": null,
                  "code": "_GaragePage.default.openAddACarForm();\n_AddCarForm.default.addACar('BMW', '3', '25');",
                  "err": {},
                  "uuid": "e8067571-2bc4-4b57-8205-4c0d2418f746",
                  "parentUUID": "f6d42f6e-47db-4e3d-a70a-e6c2e2ba8c69",
                  "isHook": false,
                  "skipped": false
                }
              ],
              "suites": [],
              "passes": [
                "e8067571-2bc4-4b57-8205-4c0d2418f746"
              ],
              "failures": [],
              "pending": [],
              "skipped": [],
              "duration": 5993,
              "root": false,
              "rootEmpty": false,
              "_timeout": 2000
            },
            {
              "uuid": "89fe4f6a-ad32-4142-8ff8-e362c1c2a6b3",
              "title": "Add a car expense scenario",
              "fullFile": "",
              "file": "",
              "beforeHooks": [],
              "afterHooks": [],
              "tests": [
                {
                  "title": "Verify user is able to add an expense",
                  "fullTitle": "Add car and expense scenario Add a car expense scenario Verify user is able to add an expense",
                  "timedOut": null,
                  "duration": 4539,
                  "state": "passed",
                  "speed": "fast",
                  "pass": true,
                  "fail": false,
                  "pending": false,
                  "context": null,
                  "code": "_ExpenseForm.default.AddAnExpenseForm(600, 50, 40);",
                  "err": {},
                  "uuid": "51052376-1ee4-4cfd-872a-54729dbd57b3",
                  "parentUUID": "89fe4f6a-ad32-4142-8ff8-e362c1c2a6b3",
                  "isHook": false,
                  "skipped": false
                }
              ],
              "suites": [],
              "passes": [
                "51052376-1ee4-4cfd-872a-54729dbd57b3"
              ],
              "failures": [],
              "pending": [],
              "skipped": [],
              "duration": 4539,
              "root": false,
              "rootEmpty": false,
              "_timeout": 2000
            }
          ],
          "passes": [],
          "failures": [],
          "pending": [],
          "skipped": [],
          "duration": 0,
          "root": false,
          "rootEmpty": false,
          "_timeout": 2000
        }
      ],
      "passes": [],
      "failures": [],
      "pending": [],
      "skipped": [],
      "duration": 0,
      "root": true,
      "rootEmpty": true,
      "_timeout": 2000
    }
  ],
  "meta": {
    "mocha": {
      "version": "7.0.1"
    },
    "mochawesome": {
      "options": {
        "quiet": false,
        "reportFilename": "mochawesome",
        "saveHtml": true,
        "saveJson": true,
        "consoleReporter": "spec",
        "useInlineDiffs": false,
        "code": true
      },
      "version": "7.1.3"
    },
    "marge": {
      "options": {
        "reportDir": "cypress/results",
        "overwrite": false,
        "html": true,
        "json": true
      },
      "version": "6.2.0"
    }
  }
}